

Started GET "/rails/info/properties" for 127.0.0.1 at 2011-01-13 10:34:02 +0300

Mysql2::Error (Unknown database 'credits_development'):
  

Rendered /home/adam/.rvm/gems/ruby-1.9.2-head/gems/actionpack-3.0.3/lib/action_dispatch/middleware/templates/rescues/_trace.erb (3.0ms)
Rendered /home/adam/.rvm/gems/ruby-1.9.2-head/gems/actionpack-3.0.3/lib/action_dispatch/middleware/templates/rescues/_request_and_response.erb (33.2ms)
Rendered /home/adam/.rvm/gems/ruby-1.9.2-head/gems/actionpack-3.0.3/lib/action_dispatch/middleware/templates/rescues/diagnostics.erb within rescues/layout (70.9ms)


Started GET "/rails/info/properties" for 127.0.0.1 at 2011-01-13 10:34:06 +0300

Mysql2::Error (Unknown database 'credits_development'):
  

Rendered /home/adam/.rvm/gems/ruby-1.9.2-head/gems/actionpack-3.0.3/lib/action_dispatch/middleware/templates/rescues/_trace.erb (6.7ms)
Rendered /home/adam/.rvm/gems/ruby-1.9.2-head/gems/actionpack-3.0.3/lib/action_dispatch/middleware/templates/rescues/_request_and_response.erb (2.8ms)
Rendered /home/adam/.rvm/gems/ruby-1.9.2-head/gems/actionpack-3.0.3/lib/action_dispatch/middleware/templates/rescues/diagnostics.erb within rescues/layout (33.2ms)


Started GET "/rails/info/properties" for 127.0.0.1 at 2011-01-13 10:36:01 +0300
  Processing by Rails::InfoController#properties as */*
  [1m[36mSQL (63.7ms)[0m  [1mSHOW TABLES[0m
Rendered inline template (0.9ms)
Completed 200 OK in 287ms (Views: 2.9ms | ActiveRecord: 63.7ms)
  [1m[36mSQL (19.7ms)[0m  [1mSHOW TABLES[0m
  [1m[35mSQL (0.5ms)[0m  SHOW TABLES
  [1m[36mSQL (0.5ms)[0m  [1mSHOW TABLES[0m
  [1m[35mSQL (184.8ms)[0m  CREATE TABLE `schema_migrations` (`version` varchar(255) NOT NULL) ENGINE=InnoDB
  [1m[36mSQL (0.9ms)[0m  [1mSHOW KEYS FROM `schema_migrations`[0m
  [1m[35mSQL (167.4ms)[0m  CREATE UNIQUE INDEX `unique_schema_migrations` ON `schema_migrations` (`version`)
  [1m[36mSQL (0.6ms)[0m  [1mSHOW TABLES[0m
  [1m[35mSQL (0.5ms)[0m  SHOW TABLES
  [1m[36mSQL (5.6ms)[0m  [1mSELECT `schema_migrations`.`version` FROM `schema_migrations`[0m
Migrating to ClearanceCreateUsers (20110113081838)
  [1m[35mSQL (80.1ms)[0m  CREATE TABLE `users` (`id` int(11) DEFAULT NULL auto_increment PRIMARY KEY, `email` varchar(255), `encrypted_password` varchar(128), `salt` varchar(128), `confirmation_token` varchar(128), `remember_token` varchar(128), `email_confirmed` tinyint(1) DEFAULT 0 NOT NULL, `created_at` datetime, `updated_at` datetime) ENGINE=InnoDB
  [1m[36mSQL (1.0ms)[0m  [1mSHOW KEYS FROM `users`[0m
  [1m[35mSQL (208.5ms)[0m  CREATE INDEX `index_users_on_email` ON `users` (`email`)
  [1m[36mSQL (1.0ms)[0m  [1mSHOW KEYS FROM `users`[0m
  [1m[35mSQL (193.2ms)[0m  CREATE INDEX `index_users_on_remember_token` ON `users` (`remember_token`)
  [1m[36mSQL (64.5ms)[0m  [1mINSERT INTO `schema_migrations` (`version`) VALUES ('20110113081838')[0m
  [1m[35mSQL (0.6ms)[0m  SHOW TABLES
  [1m[36mSQL (0.5ms)[0m  [1mSELECT `schema_migrations`.`version` FROM `schema_migrations`[0m
  [1m[35mSQL (0.6ms)[0m  SHOW TABLES
  [1m[36mSQL (1.8ms)[0m  [1mdescribe `users`[0m
  [1m[35mSQL (0.7ms)[0m  SHOW KEYS FROM `users`
